============================================================================================== 
Warning! Mixing Conda and module environments may lead to corruption of the
user environment. 
We do not recommend users mixing those two environments unless absolutely
necessary. Note that 
SURF does not provide any support for Conda environment.
For more information, please refer to our software policy page:
https://servicedesk.surf.nl/wiki/display/WIKI/Software+policy+Snellius#SoftwarepolicySnellius-UseofAnacondaandMinicondaenvironmentsonSnellius 

Remember that many packages have already been installed on the system and can
be loaded using 
the 'module load <package__name>' command. If you are uncertain if a package is
already available 
on the system, please use 'module avail' or 'module spider' to search for it.
============================================================================================== 
wandb: Using wandb-core as the SDK backend.  Please refer to https://wandb.me/wandb-core for more information.
wandb: Currently logged in as: xiaweijie1996 (weijie_xia) to https://api.wandb.ai. Use `wandb login --relogin` to force relogin
wandb: Tracking run with wandb version 0.19.9
wandb: Run data is saved locally in /gpfs/home4/wxia/TransformerEM-GMM/wandb/run-20250426_163057-zacohyos
wandb: Run `wandb offline` to turn off syncing.
wandb: Syncing run pleasant-cosmos-19
wandb: ⭐️ View project at https://wandb.ai/xiaweijie1996/transformer_96_train_nomerge
wandb: 🚀 View run at https://wandb.ai/xiaweijie1996/transformer_96_train_nomerge/runs/zacohyos
/home/wxia/TransformerEM-GMM/exp/asset/em_pytorch.py:114: UserWarning: To copy construct from a tensor, it is recommended to use sourceTensor.clone().detach() or sourceTensor.clone().detach().requires_grad_(True), rather than torch.tensor(sourceTensor).
  X = torch.tensor(X)
/home/wxia/TransformerEM-GMM/exp/asset/em_pytorch.py:54: UserWarning: To copy construct from a tensor, it is recommended to use sourceTensor.clone().detach() or sourceTensor.clone().detach().requires_grad_(True), rather than torch.tensor(sourceTensor).
  responsibilities[small_values_indices] = responsibilities[small_values_indices] + torch.tensor(random_additions)
/home/wxia/TransformerEM-GMM/exp/asset/em_pytorch.py:114: UserWarning: To copy construct from a tensor, it is recommended to use sourceTensor.clone().detach() or sourceTensor.clone().detach().requires_grad_(True), rather than torch.tensor(sourceTensor).
  X = torch.tensor(X)
/home/wxia/TransformerEM-GMM/exp/asset/em_pytorch.py:54: UserWarning: To copy construct from a tensor, it is recommended to use sourceTensor.clone().detach() or sourceTensor.clone().detach().requires_grad_(True), rather than torch.tensor(sourceTensor).
  responsibilities[small_values_indices] = responsibilities[small_values_indices] + torch.tensor(random_additions)
/home/wxia/TransformerEM-GMM/exp/asset/em_pytorch.py:114: UserWarning: To copy construct from a tensor, it is recommended to use sourceTensor.clone().detach() or sourceTensor.clone().detach().requires_grad_(True), rather than torch.tensor(sourceTensor).
  X = torch.tensor(X)
/home/wxia/TransformerEM-GMM/exp/asset/em_pytorch.py:54: UserWarning: To copy construct from a tensor, it is recommended to use sourceTensor.clone().detach() or sourceTensor.clone().detach().requires_grad_(True), rather than torch.tensor(sourceTensor).
  responsibilities[small_values_indices] = responsibilities[small_values_indices] + torch.tensor(random_additions)
/home/wxia/TransformerEM-GMM/exp/asset/em_pytorch.py:114: UserWarning: To copy construct from a tensor, it is recommended to use sourceTensor.clone().detach() or sourceTensor.clone().detach().requires_grad_(True), rather than torch.tensor(sourceTensor).
  X = torch.tensor(X)
/home/wxia/TransformerEM-GMM/exp/asset/em_pytorch.py:54: UserWarning: To copy construct from a tensor, it is recommended to use sourceTensor.clone().detach() or sourceTensor.clone().detach().requires_grad_(True), rather than torch.tensor(sourceTensor).
  responsibilities[small_values_indices] = responsibilities[small_values_indices] + torch.tensor(random_additions)
/home/wxia/TransformerEM-GMM/exp/asset/em_pytorch.py:114: UserWarning: To copy construct from a tensor, it is recommended to use sourceTensor.clone().detach() or sourceTensor.clone().detach().requires_grad_(True), rather than torch.tensor(sourceTensor).
  X = torch.tensor(X)
/home/wxia/TransformerEM-GMM/exp/asset/em_pytorch.py:54: UserWarning: To copy construct from a tensor, it is recommended to use sourceTensor.clone().detach() or sourceTensor.clone().detach().requires_grad_(True), rather than torch.tensor(sourceTensor).
  responsibilities[small_values_indices] = responsibilities[small_values_indices] + torch.tensor(random_additions)
/home/wxia/TransformerEM-GMM/exp/asset/em_pytorch.py:114: UserWarning: To copy construct from a tensor, it is recommended to use sourceTensor.clone().detach() or sourceTensor.clone().detach().requires_grad_(True), rather than torch.tensor(sourceTensor).
  X = torch.tensor(X)
/home/wxia/TransformerEM-GMM/exp/asset/em_pytorch.py:54: UserWarning: To copy construct from a tensor, it is recommended to use sourceTensor.clone().detach() or sourceTensor.clone().detach().requires_grad_(True), rather than torch.tensor(sourceTensor).
  responsibilities[small_values_indices] = responsibilities[small_values_indices] + torch.tensor(random_additions)
/home/wxia/TransformerEM-GMM/exp/asset/em_pytorch.py:114: UserWarning: To copy construct from a tensor, it is recommended to use sourceTensor.clone().detach() or sourceTensor.clone().detach().requires_grad_(True), rather than torch.tensor(sourceTensor).
  X = torch.tensor(X)
/home/wxia/TransformerEM-GMM/exp/asset/em_pytorch.py:54: UserWarning: To copy construct from a tensor, it is recommended to use sourceTensor.clone().detach() or sourceTensor.clone().detach().requires_grad_(True), rather than torch.tensor(sourceTensor).
  responsibilities[small_values_indices] = responsibilities[small_values_indices] + torch.tensor(random_additions)
/home/wxia/TransformerEM-GMM/exp/asset/em_pytorch.py:114: UserWarning: To copy construct from a tensor, it is recommended to use sourceTensor.clone().detach() or sourceTensor.clone().detach().requires_grad_(True), rather than torch.tensor(sourceTensor).
  X = torch.tensor(X)
/home/wxia/TransformerEM-GMM/exp/asset/em_pytorch.py:54: UserWarning: To copy construct from a tensor, it is recommended to use sourceTensor.clone().detach() or sourceTensor.clone().detach().requires_grad_(True), rather than torch.tensor(sourceTensor).
  responsibilities[small_values_indices] = responsibilities[small_values_indices] + torch.tensor(random_additions)
/home/wxia/TransformerEM-GMM/exp/asset/em_pytorch.py:114: UserWarning: To copy construct from a tensor, it is recommended to use sourceTensor.clone().detach() or sourceTensor.clone().detach().requires_grad_(True), rather than torch.tensor(sourceTensor).
  X = torch.tensor(X)
/home/wxia/TransformerEM-GMM/exp/asset/em_pytorch.py:54: UserWarning: To copy construct from a tensor, it is recommended to use sourceTensor.clone().detach() or sourceTensor.clone().detach().requires_grad_(True), rather than torch.tensor(sourceTensor).
  responsibilities[small_values_indices] = responsibilities[small_values_indices] + torch.tensor(random_additions)
/home/wxia/TransformerEM-GMM/exp/asset/em_pytorch.py:114: UserWarning: To copy construct from a tensor, it is recommended to use sourceTensor.clone().detach() or sourceTensor.clone().detach().requires_grad_(True), rather than torch.tensor(sourceTensor).
  X = torch.tensor(X)
/home/wxia/TransformerEM-GMM/exp/asset/em_pytorch.py:54: UserWarning: To copy construct from a tensor, it is recommended to use sourceTensor.clone().detach() or sourceTensor.clone().detach().requires_grad_(True), rather than torch.tensor(sourceTensor).
  responsibilities[small_values_indices] = responsibilities[small_values_indices] + torch.tensor(random_additions)
/home/wxia/TransformerEM-GMM/exp/asset/em_pytorch.py:114: UserWarning: To copy construct from a tensor, it is recommended to use sourceTensor.clone().detach() or sourceTensor.clone().detach().requires_grad_(True), rather than torch.tensor(sourceTensor).
  X = torch.tensor(X)
/home/wxia/TransformerEM-GMM/exp/asset/em_pytorch.py:54: UserWarning: To copy construct from a tensor, it is recommended to use sourceTensor.clone().detach() or sourceTensor.clone().detach().requires_grad_(True), rather than torch.tensor(sourceTensor).
  responsibilities[small_values_indices] = responsibilities[small_values_indices] + torch.tensor(random_additions)
/home/wxia/TransformerEM-GMM/exp/asset/em_pytorch.py:114: UserWarning: To copy construct from a tensor, it is recommended to use sourceTensor.clone().detach() or sourceTensor.clone().detach().requires_grad_(True), rather than torch.tensor(sourceTensor).
  X = torch.tensor(X)
/home/wxia/TransformerEM-GMM/exp/asset/em_pytorch.py:54: UserWarning: To copy construct from a tensor, it is recommended to use sourceTensor.clone().detach() or sourceTensor.clone().detach().requires_grad_(True), rather than torch.tensor(sourceTensor).
  responsibilities[small_values_indices] = responsibilities[small_values_indices] + torch.tensor(random_additions)
/home/wxia/TransformerEM-GMM/exp/asset/em_pytorch.py:114: UserWarning: To copy construct from a tensor, it is recommended to use sourceTensor.clone().detach() or sourceTensor.clone().detach().requires_grad_(True), rather than torch.tensor(sourceTensor).
  X = torch.tensor(X)
/home/wxia/TransformerEM-GMM/exp/asset/em_pytorch.py:54: UserWarning: To copy construct from a tensor, it is recommended to use sourceTensor.clone().detach() or sourceTensor.clone().detach().requires_grad_(True), rather than torch.tensor(sourceTensor).
  responsibilities[small_values_indices] = responsibilities[small_values_indices] + torch.tensor(random_additions)
/home/wxia/TransformerEM-GMM/exp/asset/em_pytorch.py:114: UserWarning: To copy construct from a tensor, it is recommended to use sourceTensor.clone().detach() or sourceTensor.clone().detach().requires_grad_(True), rather than torch.tensor(sourceTensor).
  X = torch.tensor(X)
/home/wxia/TransformerEM-GMM/exp/asset/em_pytorch.py:54: UserWarning: To copy construct from a tensor, it is recommended to use sourceTensor.clone().detach() or sourceTensor.clone().detach().requires_grad_(True), rather than torch.tensor(sourceTensor).
  responsibilities[small_values_indices] = responsibilities[small_values_indices] + torch.tensor(random_additions)
/home/wxia/TransformerEM-GMM/exp/asset/em_pytorch.py:114: UserWarning: To copy construct from a tensor, it is recommended to use sourceTensor.clone().detach() or sourceTensor.clone().detach().requires_grad_(True), rather than torch.tensor(sourceTensor).
  X = torch.tensor(X)
/home/wxia/TransformerEM-GMM/exp/asset/em_pytorch.py:54: UserWarning: To copy construct from a tensor, it is recommended to use sourceTensor.clone().detach() or sourceTensor.clone().detach().requires_grad_(True), rather than torch.tensor(sourceTensor).
  responsibilities[small_values_indices] = responsibilities[small_values_indices] + torch.tensor(random_additions)
/home/wxia/TransformerEM-GMM/exp/asset/em_pytorch.py:114: UserWarning: To copy construct from a tensor, it is recommended to use sourceTensor.clone().detach() or sourceTensor.clone().detach().requires_grad_(True), rather than torch.tensor(sourceTensor).
  X = torch.tensor(X)
/home/wxia/TransformerEM-GMM/exp/asset/em_pytorch.py:54: UserWarning: To copy construct from a tensor, it is recommended to use sourceTensor.clone().detach() or sourceTensor.clone().detach().requires_grad_(True), rather than torch.tensor(sourceTensor).
  responsibilities[small_values_indices] = responsibilities[small_values_indices] + torch.tensor(random_additions)
/home/wxia/TransformerEM-GMM/exp/asset/em_pytorch.py:114: UserWarning: To copy construct from a tensor, it is recommended to use sourceTensor.clone().detach() or sourceTensor.clone().detach().requires_grad_(True), rather than torch.tensor(sourceTensor).
  X = torch.tensor(X)
/home/wxia/TransformerEM-GMM/exp/asset/em_pytorch.py:54: UserWarning: To copy construct from a tensor, it is recommended to use sourceTensor.clone().detach() or sourceTensor.clone().detach().requires_grad_(True), rather than torch.tensor(sourceTensor).
  responsibilities[small_values_indices] = responsibilities[small_values_indices] + torch.tensor(random_additions)
/home/wxia/TransformerEM-GMM/exp/asset/em_pytorch.py:114: UserWarning: To copy construct from a tensor, it is recommended to use sourceTensor.clone().detach() or sourceTensor.clone().detach().requires_grad_(True), rather than torch.tensor(sourceTensor).
  X = torch.tensor(X)
/home/wxia/TransformerEM-GMM/exp/asset/plot_eva.py:75: RuntimeWarning: More than 20 figures have been opened. Figures created through the pyplot interface (`matplotlib.pyplot.figure`) are retained until explicitly closed and may consume too much memory. (To control this warning, see the rcParam `figure.max_open_warning`). Consider using `matplotlib.pyplot.close()`.
  fig, axs = plt.subplots(6, 1, figsize=figsize)
slurmstepd: error: *** JOB 11399003 ON gcn12 CANCELLED AT 2025-04-26T19:15:45 ***

JOB STATISTICS
==============
Job ID: 11399003
Cluster: snellius
User/Group: wxia/wxia
State: CANCELLED (exit code 0)
Nodes: 1
Cores per node: 18
CPU Utilized: 00:00:00
CPU Efficiency: 0.00% of 2-01:32:24 core-walltime
Job Wall-clock time: 02:45:08
Memory Utilized: 2.13 GB
Memory Efficiency: 1.77% of 120.00 GB (120.00 GB/node)
