/var/spool/slurm/slurmd/job11529214/slurm_script: line 11: mmodule: command not found
Lmod has detected the following error: These module(s) or extension(s) exist
but cannot be loaded as requested: "Miniconda3/23.5.2-0"
   Try: "module spider Miniconda3/23.5.2-0" to see how to load the module(s).



wandb: Using wandb-core as the SDK backend.  Please refer to https://wandb.me/wandb-core for more information.
wandb: Currently logged in as: xiaweijie1996 (weijie_xia) to https://api.wandb.ai. Use `wandb login --relogin` to force relogin
wandb: Tracking run with wandb version 0.19.9
wandb: Run data is saved locally in /gpfs/home4/wxia/TransformerEM-GMM/wandb/run-20250502_175143-tv9lpxl5
wandb: Run `wandb offline` to turn off syncing.
wandb: Syncing run copper-pond-14
wandb: ⭐️ View project at https://wandb.ai/weijie_xia/timesnet_mmd_userload_15minutes
wandb: 🚀 View run at https://wandb.ai/weijie_xia/timesnet_mmd_userload_15minutes/runs/tv9lpxl5
slurmstepd: error: *** JOB 11529214 ON gcn13 CANCELLED AT 2025-05-02T17:54:34 ***

JOB STATISTICS
==============
Job ID: 11529214
Cluster: snellius
User/Group: wxia/wxia
State: CANCELLED (exit code 0)
Nodes: 1
Cores per node: 18
CPU Utilized: 00:00:03
CPU Efficiency: 0.09% of 00:57:54 core-walltime
Job Wall-clock time: 00:03:13
Memory Utilized: 2.80 GB
Memory Efficiency: 2.33% of 120.00 GB (120.00 GB/node)
