/var/spool/slurm/slurmd/job11400610/slurm_script: line 11: mmodule: command not found
Lmod has detected the following error: These module(s) or extension(s) exist
but cannot be loaded as requested: "Miniconda3/23.5.2-0"
   Try: "module spider Miniconda3/23.5.2-0" to see how to load the module(s).



wandb: Using wandb-core as the SDK backend.  Please refer to https://wandb.me/wandb-core for more information.
wandb: Currently logged in as: xiaweijie1996 (weijie_xia) to https://api.wandb.ai. Use `wandb login --relogin` to force relogin
wandb: Tracking run with wandb version 0.19.9
wandb: Run data is saved locally in /gpfs/home4/wxia/TransformerEM-GMM/wandb/run-20250426_192309-xyapx3iq
wandb: Run `wandb offline` to turn off syncing.
wandb: Syncing run major-bush-10
wandb: ⭐️ View project at https://wandb.ai/weijie_xia/timesnet_mmd
wandb: 🚀 View run at https://wandb.ai/weijie_xia/timesnet_mmd/runs/xyapx3iq
/home/wxia/TransformerEM-GMM/exp/exp_second_round/timesnet_solar_mmd_15minutes/timesnet_train_mmd.py:149: RuntimeWarning: invalid value encountered in divide
  _plot = (_plot - scaler[0][0, 0, :].detach().numpy())/(scaler[1][0, 0, :].cpu().detach().numpy() - scaler[0][0, 0, :].cpu().detach().numpy())
slurmstepd: error: *** JOB 11400610 ON gcn67 CANCELLED AT 2025-04-26T19:59:04 ***

JOB STATISTICS
==============
Job ID: 11400610
Cluster: snellius
User/Group: wxia/wxia
State: CANCELLED (exit code 0)
Nodes: 1
Cores per node: 18
CPU Utilized: 00:00:02
CPU Efficiency: 0.01% of 10:52:30 core-walltime
Job Wall-clock time: 00:36:15
Memory Utilized: 1.21 GB
Memory Efficiency: 1.01% of 120.00 GB (120.00 GB/node)
