============================================================================================== 
Warning! Mixing Conda and module environments may lead to corruption of the
user environment. 
We do not recommend users mixing those two environments unless absolutely
necessary. Note that 
SURF does not provide any support for Conda environment.
For more information, please refer to our software policy page:
https://servicedesk.surf.nl/wiki/display/WIKI/Software+policy+Snellius#SoftwarepolicySnellius-UseofAnacondaandMinicondaenvironmentsonSnellius 

Remember that many packages have already been installed on the system and can
be loaded using 
the 'module load <package__name>' command. If you are uncertain if a package is
already available 
on the system, please use 'module avail' or 'module spider' to search for it.
============================================================================================== 
wandb: Using wandb-core as the SDK backend.  Please refer to https://wandb.me/wandb-core for more information.
wandb: Currently logged in as: xiaweijie1996 (weijie_xia) to https://api.wandb.ai. Use `wandb login --relogin` to force relogin
wandb: Tracking run with wandb version 0.19.9
wandb: Run data is saved locally in /gpfs/home4/wxia/TransformerEM-GMM/wandb/run-20250418_191207-kw3li562
wandb: Run `wandb offline` to turn off syncing.
wandb: Syncing run ethereal-flower-25
wandb: ⭐️ View project at https://wandb.ai/xiaweijie1996/load_usa_96_train
wandb: 🚀 View run at https://wandb.ai/xiaweijie1996/load_usa_96_train/runs/kw3li562
/home/wxia/TransformerEM-GMM/exp/asset/em_pytorch.py:114: UserWarning: To copy construct from a tensor, it is recommended to use sourceTensor.clone().detach() or sourceTensor.clone().detach().requires_grad_(True), rather than torch.tensor(sourceTensor).
  X = torch.tensor(X)
/home/wxia/TransformerEM-GMM/exp/asset/em_pytorch.py:54: UserWarning: To copy construct from a tensor, it is recommended to use sourceTensor.clone().detach() or sourceTensor.clone().detach().requires_grad_(True), rather than torch.tensor(sourceTensor).
  responsibilities[small_values_indices] = responsibilities[small_values_indices] + torch.tensor(random_additions)
/home/wxia/TransformerEM-GMM/exp/asset/em_pytorch.py:114: UserWarning: To copy construct from a tensor, it is recommended to use sourceTensor.clone().detach() or sourceTensor.clone().detach().requires_grad_(True), rather than torch.tensor(sourceTensor).
  X = torch.tensor(X)
/home/wxia/TransformerEM-GMM/exp/asset/em_pytorch.py:54: UserWarning: To copy construct from a tensor, it is recommended to use sourceTensor.clone().detach() or sourceTensor.clone().detach().requires_grad_(True), rather than torch.tensor(sourceTensor).
  responsibilities[small_values_indices] = responsibilities[small_values_indices] + torch.tensor(random_additions)
/home/wxia/TransformerEM-GMM/exp/asset/em_pytorch.py:114: UserWarning: To copy construct from a tensor, it is recommended to use sourceTensor.clone().detach() or sourceTensor.clone().detach().requires_grad_(True), rather than torch.tensor(sourceTensor).
  X = torch.tensor(X)
/home/wxia/TransformerEM-GMM/exp/asset/em_pytorch.py:54: UserWarning: To copy construct from a tensor, it is recommended to use sourceTensor.clone().detach() or sourceTensor.clone().detach().requires_grad_(True), rather than torch.tensor(sourceTensor).
  responsibilities[small_values_indices] = responsibilities[small_values_indices] + torch.tensor(random_additions)
/home/wxia/TransformerEM-GMM/exp/asset/em_pytorch.py:114: UserWarning: To copy construct from a tensor, it is recommended to use sourceTensor.clone().detach() or sourceTensor.clone().detach().requires_grad_(True), rather than torch.tensor(sourceTensor).
  X = torch.tensor(X)
/home/wxia/TransformerEM-GMM/exp/asset/em_pytorch.py:54: UserWarning: To copy construct from a tensor, it is recommended to use sourceTensor.clone().detach() or sourceTensor.clone().detach().requires_grad_(True), rather than torch.tensor(sourceTensor).
  responsibilities[small_values_indices] = responsibilities[small_values_indices] + torch.tensor(random_additions)
/home/wxia/TransformerEM-GMM/exp/asset/em_pytorch.py:114: UserWarning: To copy construct from a tensor, it is recommended to use sourceTensor.clone().detach() or sourceTensor.clone().detach().requires_grad_(True), rather than torch.tensor(sourceTensor).
  X = torch.tensor(X)
/home/wxia/TransformerEM-GMM/exp/asset/em_pytorch.py:54: UserWarning: To copy construct from a tensor, it is recommended to use sourceTensor.clone().detach() or sourceTensor.clone().detach().requires_grad_(True), rather than torch.tensor(sourceTensor).
  responsibilities[small_values_indices] = responsibilities[small_values_indices] + torch.tensor(random_additions)
/home/wxia/TransformerEM-GMM/exp/asset/em_pytorch.py:114: UserWarning: To copy construct from a tensor, it is recommended to use sourceTensor.clone().detach() or sourceTensor.clone().detach().requires_grad_(True), rather than torch.tensor(sourceTensor).
  X = torch.tensor(X)
/home/wxia/TransformerEM-GMM/exp/asset/em_pytorch.py:54: UserWarning: To copy construct from a tensor, it is recommended to use sourceTensor.clone().detach() or sourceTensor.clone().detach().requires_grad_(True), rather than torch.tensor(sourceTensor).
  responsibilities[small_values_indices] = responsibilities[small_values_indices] + torch.tensor(random_additions)
/home/wxia/TransformerEM-GMM/exp/asset/em_pytorch.py:114: UserWarning: To copy construct from a tensor, it is recommended to use sourceTensor.clone().detach() or sourceTensor.clone().detach().requires_grad_(True), rather than torch.tensor(sourceTensor).
  X = torch.tensor(X)
/home/wxia/TransformerEM-GMM/exp/asset/em_pytorch.py:54: UserWarning: To copy construct from a tensor, it is recommended to use sourceTensor.clone().detach() or sourceTensor.clone().detach().requires_grad_(True), rather than torch.tensor(sourceTensor).
  responsibilities[small_values_indices] = responsibilities[small_values_indices] + torch.tensor(random_additions)
/home/wxia/TransformerEM-GMM/exp/asset/em_pytorch.py:114: UserWarning: To copy construct from a tensor, it is recommended to use sourceTensor.clone().detach() or sourceTensor.clone().detach().requires_grad_(True), rather than torch.tensor(sourceTensor).
  X = torch.tensor(X)
/home/wxia/TransformerEM-GMM/exp/asset/em_pytorch.py:54: UserWarning: To copy construct from a tensor, it is recommended to use sourceTensor.clone().detach() or sourceTensor.clone().detach().requires_grad_(True), rather than torch.tensor(sourceTensor).
  responsibilities[small_values_indices] = responsibilities[small_values_indices] + torch.tensor(random_additions)
/home/wxia/TransformerEM-GMM/exp/asset/em_pytorch.py:114: UserWarning: To copy construct from a tensor, it is recommended to use sourceTensor.clone().detach() or sourceTensor.clone().detach().requires_grad_(True), rather than torch.tensor(sourceTensor).
  X = torch.tensor(X)
/home/wxia/TransformerEM-GMM/exp/asset/em_pytorch.py:54: UserWarning: To copy construct from a tensor, it is recommended to use sourceTensor.clone().detach() or sourceTensor.clone().detach().requires_grad_(True), rather than torch.tensor(sourceTensor).
  responsibilities[small_values_indices] = responsibilities[small_values_indices] + torch.tensor(random_additions)
/home/wxia/TransformerEM-GMM/exp/asset/em_pytorch.py:114: UserWarning: To copy construct from a tensor, it is recommended to use sourceTensor.clone().detach() or sourceTensor.clone().detach().requires_grad_(True), rather than torch.tensor(sourceTensor).
  X = torch.tensor(X)
/home/wxia/TransformerEM-GMM/exp/asset/em_pytorch.py:54: UserWarning: To copy construct from a tensor, it is recommended to use sourceTensor.clone().detach() or sourceTensor.clone().detach().requires_grad_(True), rather than torch.tensor(sourceTensor).
  responsibilities[small_values_indices] = responsibilities[small_values_indices] + torch.tensor(random_additions)
/home/wxia/TransformerEM-GMM/exp/asset/em_pytorch.py:114: UserWarning: To copy construct from a tensor, it is recommended to use sourceTensor.clone().detach() or sourceTensor.clone().detach().requires_grad_(True), rather than torch.tensor(sourceTensor).
  X = torch.tensor(X)
/home/wxia/TransformerEM-GMM/exp/asset/em_pytorch.py:54: UserWarning: To copy construct from a tensor, it is recommended to use sourceTensor.clone().detach() or sourceTensor.clone().detach().requires_grad_(True), rather than torch.tensor(sourceTensor).
  responsibilities[small_values_indices] = responsibilities[small_values_indices] + torch.tensor(random_additions)
/home/wxia/TransformerEM-GMM/exp/asset/em_pytorch.py:114: UserWarning: To copy construct from a tensor, it is recommended to use sourceTensor.clone().detach() or sourceTensor.clone().detach().requires_grad_(True), rather than torch.tensor(sourceTensor).
  X = torch.tensor(X)
/home/wxia/TransformerEM-GMM/exp/asset/em_pytorch.py:54: UserWarning: To copy construct from a tensor, it is recommended to use sourceTensor.clone().detach() or sourceTensor.clone().detach().requires_grad_(True), rather than torch.tensor(sourceTensor).
  responsibilities[small_values_indices] = responsibilities[small_values_indices] + torch.tensor(random_additions)
/home/wxia/TransformerEM-GMM/exp/asset/em_pytorch.py:114: UserWarning: To copy construct from a tensor, it is recommended to use sourceTensor.clone().detach() or sourceTensor.clone().detach().requires_grad_(True), rather than torch.tensor(sourceTensor).
  X = torch.tensor(X)
/home/wxia/TransformerEM-GMM/exp/asset/em_pytorch.py:54: UserWarning: To copy construct from a tensor, it is recommended to use sourceTensor.clone().detach() or sourceTensor.clone().detach().requires_grad_(True), rather than torch.tensor(sourceTensor).
  responsibilities[small_values_indices] = responsibilities[small_values_indices] + torch.tensor(random_additions)
/home/wxia/TransformerEM-GMM/exp/asset/em_pytorch.py:114: UserWarning: To copy construct from a tensor, it is recommended to use sourceTensor.clone().detach() or sourceTensor.clone().detach().requires_grad_(True), rather than torch.tensor(sourceTensor).
  X = torch.tensor(X)
/home/wxia/TransformerEM-GMM/exp/asset/em_pytorch.py:54: UserWarning: To copy construct from a tensor, it is recommended to use sourceTensor.clone().detach() or sourceTensor.clone().detach().requires_grad_(True), rather than torch.tensor(sourceTensor).
  responsibilities[small_values_indices] = responsibilities[small_values_indices] + torch.tensor(random_additions)
/home/wxia/TransformerEM-GMM/exp/asset/em_pytorch.py:114: UserWarning: To copy construct from a tensor, it is recommended to use sourceTensor.clone().detach() or sourceTensor.clone().detach().requires_grad_(True), rather than torch.tensor(sourceTensor).
  X = torch.tensor(X)
/home/wxia/TransformerEM-GMM/exp/asset/em_pytorch.py:54: UserWarning: To copy construct from a tensor, it is recommended to use sourceTensor.clone().detach() or sourceTensor.clone().detach().requires_grad_(True), rather than torch.tensor(sourceTensor).
  responsibilities[small_values_indices] = responsibilities[small_values_indices] + torch.tensor(random_additions)
/home/wxia/TransformerEM-GMM/exp/asset/em_pytorch.py:114: UserWarning: To copy construct from a tensor, it is recommended to use sourceTensor.clone().detach() or sourceTensor.clone().detach().requires_grad_(True), rather than torch.tensor(sourceTensor).
  X = torch.tensor(X)
slurmstepd: error: *** JOB 11265604 ON gcn37 CANCELLED AT 2025-04-18T19:20:35 ***

JOB STATISTICS
==============
Job ID: 11265604
Cluster: snellius
User/Group: wxia/wxia
State: CANCELLED (exit code 0)
Nodes: 1
Cores per node: 18
CPU Utilized: 00:00:00
CPU Efficiency: 0.00% of 02:39:00 core-walltime
Job Wall-clock time: 00:08:50
Memory Utilized: 1.42 GB
Memory Efficiency: 1.18% of 120.00 GB (120.00 GB/node)
