/var/spool/slurm/slurmd/job11529208/slurm_script: line 11: mmodule: command not found
Lmod has detected the following error: These module(s) or extension(s) exist
but cannot be loaded as requested: "Miniconda3/23.5.2-0"
   Try: "module spider Miniconda3/23.5.2-0" to see how to load the module(s).



wandb: Using wandb-core as the SDK backend.  Please refer to https://wandb.me/wandb-core for more information.
wandb: Currently logged in as: xiaweijie1996 (weijie_xia) to https://api.wandb.ai. Use `wandb login --relogin` to force relogin
wandb: Tracking run with wandb version 0.19.9
wandb: Run data is saved locally in /gpfs/home4/wxia/TransformerEM-GMM/wandb/run-20250502_175025-9sndj34k
wandb: Run `wandb offline` to turn off syncing.
wandb: Syncing run lyric-sky-2
wandb: ⭐️ View project at https://wandb.ai/weijie_xia/timesnet_mmd_solar_15minutes
wandb: 🚀 View run at https://wandb.ai/weijie_xia/timesnet_mmd_solar_15minutes/runs/9sndj34k
slurmstepd: error: *** JOB 11529208 ON gcn16 CANCELLED AT 2025-05-02T17:54:27 ***

JOB STATISTICS
==============
Job ID: 11529208
Cluster: snellius
User/Group: wxia/wxia
State: CANCELLED (exit code 0)
Nodes: 1
Cores per node: 18
CPU Utilized: 00:00:02
CPU Efficiency: 0.04% of 01:18:18 core-walltime
Job Wall-clock time: 00:04:21
Memory Utilized: 1.30 GB
Memory Efficiency: 1.08% of 120.00 GB (120.00 GB/node)
