/var/spool/slurm/slurmd/job11341861/slurm_script: line 11: mmodule: command not found
Lmod has detected the following error: These module(s) or extension(s) exist
but cannot be loaded as requested: "Miniconda3/23.5.2-0"
   Try: "module spider Miniconda3/23.5.2-0" to see how to load the module(s).



wandb: Using wandb-core as the SDK backend.  Please refer to https://wandb.me/wandb-core for more information.
wandb: Currently logged in as: xiaweijie1996 (weijie_xia) to https://api.wandb.ai. Use `wandb login --relogin` to force relogin
wandb: Tracking run with wandb version 0.19.9
wandb: Run data is saved locally in /gpfs/home4/wxia/TransformerEM-GMM/wandb/run-20250423_173936-804s9re3
wandb: Run `wandb offline` to turn off syncing.
wandb: Syncing run dark-bush-2
wandb: ⭐️ View project at https://wandb.ai/weijie_xia/timesnet_userload_15minutes
wandb: 🚀 View run at https://wandb.ai/weijie_xia/timesnet_userload_15minutes/runs/804s9re3
slurmstepd: error: *** JOB 11341861 ON gcn56 CANCELLED AT 2025-04-23T22:20:18 ***

JOB STATISTICS
==============
Job ID: 11341861
Cluster: snellius
User/Group: wxia/wxia
State: CANCELLED (exit code 0)
Nodes: 1
Cores per node: 18
CPU Utilized: 00:00:03
CPU Efficiency: 0.00% of 3-12:20:24 core-walltime
Job Wall-clock time: 04:41:08
Memory Utilized: 2.92 GB
Memory Efficiency: 2.44% of 120.00 GB (120.00 GB/node)
